2020-01-08 17:22:29.999 - INFO  [  restartedMain] o.s.b.StartupInfoLogger        : Starting SupermarketApplication on english with PID 8784 (C:\Users\Administrator\IdeaProjects\biyesheji\supermarket\target\classes started by Administrator in C:\Users\Administrator\IdeaProjects\biyesheji\supermarket)
2020-01-08 17:22:30.014 - INFO  [  restartedMain] o.s.b.SpringApplication        : No active profile set, falling back to default profiles: default
2020-01-08 17:22:30.046 - INFO  [  restartedMain] o.s.b.l.DeferredLog            : Devtools property defaults active! Set 'spring.devtools.add-properties' to 'false' to disable
2020-01-08 17:22:30.046 - INFO  [  restartedMain] o.s.b.l.DeferredLog            : For additional web related logging consider setting the 'logging.level.web' property to 'DEBUG'
2020-01-08 17:22:30.905 - WARN  [  restartedMain] o.m.s.m.ClassPathMapperScanner : No MyBatis mapper was found in '[com.mxz.supermarket]' package. Please check your configuration.
2020-01-08 17:22:31.155 - INFO  [  restartedMain] epositoryConfigurationDelegate : Multiple Spring Data modules found, entering strict repository configuration mode!
2020-01-08 17:22:31.155 - INFO  [  restartedMain] epositoryConfigurationDelegate : Bootstrapping Spring Data Redis repositories in DEFAULT mode.
2020-01-08 17:22:31.202 - INFO  [  restartedMain] epositoryConfigurationDelegate : Finished Spring Data repository scanning in 27ms. Found 0 Redis repository interfaces.
2020-01-08 17:22:31.530 - INFO  [  restartedMain] egate$BeanPostProcessorChecker : Bean 'org.springframework.transaction.annotation.ProxyTransactionManagementConfiguration' of type [org.springframework.transaction.annotation.ProxyTransactionManagementConfiguration] is not eligible for getting processed by all BeanPostProcessors (for example: not eligible for auto-proxying)
2020-01-08 17:22:31.655 - INFO  [  restartedMain] egate$BeanPostProcessorChecker : Bean 'org.springframework.boot.autoconfigure.jdbc.DataSourceTransactionManagerAutoConfiguration$DataSourceTransactionManagerConfiguration' of type [org.springframework.boot.autoconfigure.jdbc.DataSourceTransactionManagerAutoConfiguration$DataSourceTransactionManagerConfiguration] is not eligible for getting processed by all BeanPostProcessors (for example: not eligible for auto-proxying)
2020-01-08 17:22:31.655 - INFO  [  restartedMain] egate$BeanPostProcessorChecker : Bean 'com.alibaba.druid.spring.boot.autoconfigure.DruidDataSourceAutoConfigure' of type [com.alibaba.druid.spring.boot.autoconfigure.DruidDataSourceAutoConfigure$$EnhancerBySpringCGLIB$$1cbac89b] is not eligible for getting processed by all BeanPostProcessors (for example: not eligible for auto-proxying)
2020-01-08 17:22:31.655 - INFO  [  restartedMain] a.DruidDataSourceAutoConfigure : Init DruidDataSource
2020-01-08 17:22:31.717 - INFO  [  restartedMain] egate$BeanPostProcessorChecker : Bean 'spring.datasource-org.springframework.boot.autoconfigure.jdbc.DataSourceProperties' of type [org.springframework.boot.autoconfigure.jdbc.DataSourceProperties] is not eligible for getting processed by all BeanPostProcessors (for example: not eligible for auto-proxying)
2020-01-08 17:22:31.733 - INFO  [  restartedMain] egate$BeanPostProcessorChecker : Bean 'com.alibaba.druid.spring.boot.autoconfigure.stat.DruidFilterConfiguration' of type [com.alibaba.druid.spring.boot.autoconfigure.stat.DruidFilterConfiguration] is not eligible for getting processed by all BeanPostProcessors (for example: not eligible for auto-proxying)
2020-01-08 17:22:31.842 - INFO  [  restartedMain] egate$BeanPostProcessorChecker : Bean 'statFilter' of type [com.alibaba.druid.filter.stat.StatFilter] is not eligible for getting processed by all BeanPostProcessors (for example: not eligible for auto-proxying)
2020-01-08 17:22:32.014 - INFO  [  restartedMain] c.a.d.p.DruidDataSource        : {dataSource-1} inited
2020-01-08 17:22:32.014 - INFO  [  restartedMain] egate$BeanPostProcessorChecker : Bean 'dataSource' of type [com.alibaba.druid.spring.boot.autoconfigure.DruidDataSourceWrapper] is not eligible for getting processed by all BeanPostProcessors (for example: not eligible for auto-proxying)
2020-01-08 17:22:32.061 - INFO  [  restartedMain] egate$BeanPostProcessorChecker : Bean 'org.springframework.boot.autoconfigure.jdbc.DataSourceInitializerInvoker' of type [org.springframework.boot.autoconfigure.jdbc.DataSourceInitializerInvoker] is not eligible for getting processed by all BeanPostProcessors (for example: not eligible for auto-proxying)
2020-01-08 17:22:32.076 - INFO  [  restartedMain] egate$BeanPostProcessorChecker : Bean 'org.springframework.boot.autoconfigure.transaction.TransactionAutoConfiguration' of type [org.springframework.boot.autoconfigure.transaction.TransactionAutoConfiguration] is not eligible for getting processed by all BeanPostProcessors (for example: not eligible for auto-proxying)
2020-01-08 17:22:32.076 - INFO  [  restartedMain] egate$BeanPostProcessorChecker : Bean 'spring.transaction-org.springframework.boot.autoconfigure.transaction.TransactionProperties' of type [org.springframework.boot.autoconfigure.transaction.TransactionProperties] is not eligible for getting processed by all BeanPostProcessors (for example: not eligible for auto-proxying)
2020-01-08 17:22:32.076 - INFO  [  restartedMain] egate$BeanPostProcessorChecker : Bean 'platformTransactionManagerCustomizers' of type [org.springframework.boot.autoconfigure.transaction.TransactionManagerCustomizers] is not eligible for getting processed by all BeanPostProcessors (for example: not eligible for auto-proxying)
2020-01-08 17:22:32.092 - INFO  [  restartedMain] egate$BeanPostProcessorChecker : Bean 'transactionManager' of type [org.springframework.jdbc.datasource.DataSourceTransactionManager] is not eligible for getting processed by all BeanPostProcessors (for example: not eligible for auto-proxying)
2020-01-08 17:22:32.092 - INFO  [  restartedMain] egate$BeanPostProcessorChecker : Bean 'transactionAdviceConfig' of type [com.mxz.supermarket.confign.TransactionAdviceConfig$$EnhancerBySpringCGLIB$$8ccc4781] is not eligible for getting processed by all BeanPostProcessors (for example: not eligible for auto-proxying)
2020-01-08 17:22:32.092 - INFO  [  restartedMain] egate$BeanPostProcessorChecker : Bean 'txAdvice' of type [org.springframework.transaction.interceptor.TransactionInterceptor] is not eligible for getting processed by all BeanPostProcessors (for example: not eligible for auto-proxying)
2020-01-08 17:22:32.092 - INFO  [  restartedMain] egate$BeanPostProcessorChecker : Bean 'txAdviceAdvisor' of type [org.springframework.aop.support.DefaultPointcutAdvisor] is not eligible for getting processed by all BeanPostProcessors (for example: not eligible for auto-proxying)
2020-01-08 17:22:32.561 - INFO  [  restartedMain] o.s.b.w.e.t.TomcatWebServer    : Tomcat initialized with port(s): 8080 (http)
2020-01-08 17:22:32.576 - INFO  [  restartedMain] o.a.j.l.DirectJDKLog           : Initializing ProtocolHandler ["http-nio-8080"]
2020-01-08 17:22:32.576 - INFO  [  restartedMain] o.a.j.l.DirectJDKLog           : Starting service [Tomcat]
2020-01-08 17:22:32.576 - INFO  [  restartedMain] o.a.j.l.DirectJDKLog           : Starting Servlet engine: [Apache Tomcat/9.0.29]
2020-01-08 17:22:32.717 - INFO  [  restartedMain] o.a.j.l.DirectJDKLog           : Initializing Spring embedded WebApplicationContext
2020-01-08 17:22:32.717 - INFO  [  restartedMain] letWebServerApplicationContext : Root WebApplicationContext: initialization completed in 2671 ms
2020-01-08 17:22:33.904 - INFO  [  restartedMain] c.ExecutorConfigurationSupport : Initializing ExecutorService 'applicationTaskExecutor'
2020-01-08 17:22:34.076 - WARN  [  restartedMain] tTemplateResolverConfiguration : Cannot find template location: classpath:/templates/ (please add some templates or check your Thymeleaf configuration)
2020-01-08 17:22:34.076 - WARN  [  restartedMain] o.t.t.TemplateMode             : [THYMELEAF][restartedMain] Template Mode 'HTML5' is deprecated. Using Template Mode 'HTML' instead.
2020-01-08 17:22:35.091 - INFO  [  restartedMain] c.ExecutorConfigurationSupport : Initializing ExecutorService 'taskScheduler'
2020-01-08 17:22:35.216 - INFO  [  restartedMain] b.d.a.OptionalLiveReloadServer : LiveReload server is running on port 35729
2020-01-08 17:22:35.216 - INFO  [  restartedMain] .b.a.e.w.EndpointLinksResolver : Exposing 2 endpoint(s) beneath base path '/actuator'
2020-01-08 17:22:35.341 - INFO  [  restartedMain] .r.c.AbstractConnectionFactory : Attempting to connect to: [localhost:5672]
2020-01-08 17:22:37.403 - INFO  [  restartedMain] stractMessageListenerContainer : Broker not available; cannot force queue declarations during start: java.net.ConnectException: Connection refused: connect
2020-01-08 17:22:37.403 - INFO  [ntContainer#0-1] .r.c.AbstractConnectionFactory : Attempting to connect to: [localhost:5672]
2020-01-08 17:22:39.465 - INFO  [  restartedMain] .r.c.AbstractConnectionFactory : Attempting to connect to: [localhost:5672]
2020-01-08 17:22:41.528 - INFO  [  restartedMain] stractMessageListenerContainer : Broker not available; cannot force queue declarations during start: java.net.ConnectException: Connection refused: connect
2020-01-08 17:22:41.528 - INFO  [ntContainer#1-1] .r.c.AbstractConnectionFactory : Attempting to connect to: [localhost:5672]
2020-01-08 17:22:43.590 - INFO  [  restartedMain] o.a.j.l.DirectJDKLog           : Starting ProtocolHandler ["http-nio-8080"]
2020-01-08 17:22:43.621 - INFO  [  restartedMain] o.s.b.w.e.t.TomcatWebServer    : Tomcat started on port(s): 8080 (http) with context path '/supermarket'
2020-01-08 17:22:43.621 - INFO  [  restartedMain] o.s.b.StartupInfoLogger        : Started SupermarketApplication in 14.026 seconds (JVM running for 17.457)
2020-01-08 17:22:44.495 - INFO  [-192.168.43.216] .r.c.AbstractConnectionFactory : Attempting to connect to: [localhost:5672]
2020-01-08 17:22:44.511 - INFO  [-192.168.43.216] o.a.j.l.DirectJDKLog           : Initializing Spring DispatcherServlet 'dispatcherServlet'
2020-01-08 17:22:44.511 - INFO  [-192.168.43.216] o.s.w.s.FrameworkServlet       : Initializing Servlet 'dispatcherServlet'
2020-01-08 17:22:44.527 - INFO  [-192.168.43.216] o.s.w.s.FrameworkServlet       : Completed initialization in 16 ms
2020-01-08 17:22:44.542 - WARN  [ntContainer#0-1] AsyncMessageProcessingConsumer : Consumer raised exception, processing can restart if the connection factory supports it. Exception summary: org.springframework.amqp.AmqpConnectException: java.net.ConnectException: Connection refused: connect
2020-01-08 17:22:44.542 - INFO  [ntContainer#0-1] AsyncMessageProcessingConsumer : Restarting Consumer@29af32dd: tags=[[]], channel=null, acknowledgeMode=AUTO local queue size=0
2020-01-08 17:22:46.558 - INFO  [ntContainer#0-2] .r.c.AbstractConnectionFactory : Attempting to connect to: [localhost:5672]
2020-01-08 17:22:46.558 - WARN  [-192.168.43.216] .b.a.h.AbstractHealthIndicator : Rabbit health check failed
org.springframework.amqp.AmqpConnectException: java.net.ConnectException: Connection refused: connect
	at org.springframework.amqp.rabbit.support.RabbitExceptionTranslator.convertRabbitAccessException(RabbitExceptionTranslator.java:62) ~[spring-rabbit-2.2.2.RELEASE.jar:2.2.2.RELEASE]
	at org.springframework.amqp.rabbit.connection.AbstractConnectionFactory.createBareConnection(AbstractConnectionFactory.java:510) ~[spring-rabbit-2.2.2.RELEASE.jar:2.2.2.RELEASE]
	at org.springframework.amqp.rabbit.connection.CachingConnectionFactory.createConnection(CachingConnectionFactory.java:751) ~[spring-rabbit-2.2.2.RELEASE.jar:2.2.2.RELEASE]
	at org.springframework.amqp.rabbit.connection.ConnectionFactoryUtils.createConnection(ConnectionFactoryUtils.java:215) ~[spring-rabbit-2.2.2.RELEASE.jar:2.2.2.RELEASE]
	at org.springframework.amqp.rabbit.core.RabbitTemplate.doExecute(RabbitTemplate.java:2085) ~[spring-rabbit-2.2.2.RELEASE.jar:2.2.2.RELEASE]
	at org.springframework.amqp.rabbit.core.RabbitTemplate.execute(RabbitTemplate.java:2058) ~[spring-rabbit-2.2.2.RELEASE.jar:2.2.2.RELEASE]
	at org.springframework.amqp.rabbit.core.RabbitTemplate.execute(RabbitTemplate.java:2038) ~[spring-rabbit-2.2.2.RELEASE.jar:2.2.2.RELEASE]
	at org.springframework.boot.actuate.amqp.RabbitHealthIndicator.getVersion(RabbitHealthIndicator.java:49) ~[spring-boot-actuator-2.2.2.RELEASE.jar:2.2.2.RELEASE]
	at org.springframework.boot.actuate.amqp.RabbitHealthIndicator.doHealthCheck(RabbitHealthIndicator.java:44) ~[spring-boot-actuator-2.2.2.RELEASE.jar:2.2.2.RELEASE]
	at org.springframework.boot.actuate.health.AbstractHealthIndicator.health(AbstractHealthIndicator.java:82) ~[spring-boot-actuator-2.2.2.RELEASE.jar:2.2.2.RELEASE]
	at org.springframework.boot.actuate.health.HealthIndicator.getHealth(HealthIndicator.java:37) ~[spring-boot-actuator-2.2.2.RELEASE.jar:2.2.2.RELEASE]
	at org.springframework.boot.actuate.health.HealthEndpoint.getHealth(HealthEndpoint.java:81) ~[spring-boot-actuator-2.2.2.RELEASE.jar:2.2.2.RELEASE]
	at org.springframework.boot.actuate.health.HealthEndpoint.getHealth(HealthEndpoint.java:38) ~[spring-boot-actuator-2.2.2.RELEASE.jar:2.2.2.RELEASE]
	at org.springframework.boot.actuate.health.HealthEndpointSupport.getContribution(HealthEndpointSupport.java:108) ~[spring-boot-actuator-2.2.2.RELEASE.jar:2.2.2.RELEASE]
	at org.springframework.boot.actuate.health.HealthEndpointSupport.getAggregateHealth(HealthEndpointSupport.java:119) ~[spring-boot-actuator-2.2.2.RELEASE.jar:2.2.2.RELEASE]
	at org.springframework.boot.actuate.health.HealthEndpointSupport.getContribution(HealthEndpointSupport.java:105) ~[spring-boot-actuator-2.2.2.RELEASE.jar:2.2.2.RELEASE]
	at org.springframework.boot.actuate.health.HealthEndpointSupport.getHealth(HealthEndpointSupport.java:83) ~[spring-boot-actuator-2.2.2.RELEASE.jar:2.2.2.RELEASE]
	at org.springframework.boot.actuate.health.HealthEndpointSupport.getHealth(HealthEndpointSupport.java:70) ~[spring-boot-actuator-2.2.2.RELEASE.jar:2.2.2.RELEASE]
	at org.springframework.boot.actuate.health.HealthEndpoint.health(HealthEndpoint.java:75) ~[spring-boot-actuator-2.2.2.RELEASE.jar:2.2.2.RELEASE]
	at org.springframework.boot.actuate.health.HealthEndpoint.health(HealthEndpoint.java:65) ~[spring-boot-actuator-2.2.2.RELEASE.jar:2.2.2.RELEASE]
	at sun.reflect.NativeMethodAccessorImpl.invoke0(Native Method) ~[?:1.8.0_201]
	at sun.reflect.NativeMethodAccessorImpl.invoke(NativeMethodAccessorImpl.java:62) ~[?:1.8.0_201]
	at sun.reflect.DelegatingMethodAccessorImpl.invoke(DelegatingMethodAccessorImpl.java:43) ~[?:1.8.0_201]
	at java.lang.reflect.Method.invoke(Method.java:498) ~[?:1.8.0_201]
	at org.springframework.util.ReflectionUtils.invokeMethod(ReflectionUtils.java:282) ~[spring-core-5.2.2.RELEASE.jar:5.2.2.RELEASE]
	at org.springframework.boot.actuate.endpoint.invoke.reflect.ReflectiveOperationInvoker.invoke(ReflectiveOperationInvoker.java:77) ~[spring-boot-actuator-2.2.2.RELEASE.jar:2.2.2.RELEASE]
	at org.springframework.boot.actuate.endpoint.annotation.AbstractDiscoveredOperation.invoke(AbstractDiscoveredOperation.java:60) ~[spring-boot-actuator-2.2.2.RELEASE.jar:2.2.2.RELEASE]
	at org.springframework.boot.actuate.endpoint.jmx.EndpointMBean.invoke(EndpointMBean.java:121) ~[spring-boot-actuator-2.2.2.RELEASE.jar:2.2.2.RELEASE]
	at org.springframework.boot.actuate.endpoint.jmx.EndpointMBean.invoke(EndpointMBean.java:96) ~[spring-boot-actuator-2.2.2.RELEASE.jar:2.2.2.RELEASE]
	at com.sun.jmx.interceptor.DefaultMBeanServerInterceptor.invoke(DefaultMBeanServerInterceptor.java:819) ~[?:1.8.0_201]
	at com.sun.jmx.mbeanserver.JmxMBeanServer.invoke(JmxMBeanServer.java:801) ~[?:1.8.0_201]
	at javax.management.remote.rmi.RMIConnectionImpl.doOperation(RMIConnectionImpl.java:1468) ~[?:1.8.0_201]
	at javax.management.remote.rmi.RMIConnectionImpl.access$300(RMIConnectionImpl.java:76) ~[?:1.8.0_201]
	at javax.management.remote.rmi.RMIConnectionImpl$PrivilegedOperation.run(RMIConnectionImpl.java:1309) ~[?:1.8.0_201]
	at javax.management.remote.rmi.RMIConnectionImpl.doPrivilegedOperation(RMIConnectionImpl.java:1401) ~[?:1.8.0_201]
	at javax.management.remote.rmi.RMIConnectionImpl.invoke(RMIConnectionImpl.java:829) ~[?:1.8.0_201]
	at sun.reflect.GeneratedMethodAccessor63.invoke(Unknown Source) ~[?:?]
	at sun.reflect.DelegatingMethodAccessorImpl.invoke(DelegatingMethodAccessorImpl.java:43) ~[?:1.8.0_201]
	at java.lang.reflect.Method.invoke(Method.java:498) ~[?:1.8.0_201]
	at sun.rmi.server.UnicastServerRef.dispatch(UnicastServerRef.java:357) ~[?:1.8.0_201]
	at sun.rmi.transport.Transport$1.run(Transport.java:200) ~[?:1.8.0_201]
	at sun.rmi.transport.Transport$1.run(Transport.java:197) ~[?:1.8.0_201]
	at java.security.AccessController.doPrivileged(Native Method) ~[?:1.8.0_201]
	at sun.rmi.transport.Transport.serviceCall(Transport.java:196) ~[?:1.8.0_201]
	at sun.rmi.transport.tcp.TCPTransport.handleMessages(TCPTransport.java:573) ~[?:1.8.0_201]
	at sun.rmi.transport.tcp.TCPTransport$ConnectionHandler.run0(TCPTransport.java:834) ~[?:1.8.0_201]
	at sun.rmi.transport.tcp.TCPTransport$ConnectionHandler.lambda$run$0(TCPTransport.java:688) ~[?:1.8.0_201]
	at java.security.AccessController.doPrivileged(Native Method) ~[?:1.8.0_201]
	at sun.rmi.transport.tcp.TCPTransport$ConnectionHandler.run(TCPTransport.java:687) [?:1.8.0_201]
	at java.util.concurrent.ThreadPoolExecutor.runWorker(ThreadPoolExecutor.java:1149) [?:1.8.0_201]
	at java.util.concurrent.ThreadPoolExecutor$Worker.run(ThreadPoolExecutor.java:624) [?:1.8.0_201]
	at java.lang.Thread.run(Thread.java:748) [?:1.8.0_201]
Caused by: java.net.ConnectException: Connection refused: connect
	at java.net.DualStackPlainSocketImpl.waitForConnect(Native Method) ~[?:1.8.0_201]
	at java.net.DualStackPlainSocketImpl.socketConnect(DualStackPlainSocketImpl.java:85) ~[?:1.8.0_201]
	at java.net.AbstractPlainSocketImpl.doConnect(AbstractPlainSocketImpl.java:350) ~[?:1.8.0_201]
	at java.net.AbstractPlainSocketImpl.connectToAddress(AbstractPlainSocketImpl.java:206) ~[?:1.8.0_201]
	at java.net.AbstractPlainSocketImpl.connect(AbstractPlainSocketImpl.java:188) ~[?:1.8.0_201]
	at java.net.PlainSocketImpl.connect(PlainSocketImpl.java:172) ~[?:1.8.0_201]
	at java.net.SocksSocketImpl.connect(SocksSocketImpl.java:392) ~[?:1.8.0_201]
	at java.net.Socket.connect(Socket.java:589) ~[?:1.8.0_201]
	at com.rabbitmq.client.impl.SocketFrameHandlerFactory.create(SocketFrameHandlerFactory.java:60) ~[amqp-client-5.7.3.jar:5.7.3]
	at com.rabbitmq.client.ConnectionFactory.newConnection(ConnectionFactory.java:1113) ~[amqp-client-5.7.3.jar:5.7.3]
	at com.rabbitmq.client.ConnectionFactory.newConnection(ConnectionFactory.java:1063) ~[amqp-client-5.7.3.jar:5.7.3]
	at org.springframework.amqp.rabbit.connection.AbstractConnectionFactory.connect(AbstractConnectionFactory.java:526) ~[spring-rabbit-2.2.2.RELEASE.jar:2.2.2.RELEASE]
	at org.springframework.amqp.rabbit.connection.AbstractConnectionFactory.createBareConnection(AbstractConnectionFactory.java:473) ~[spring-rabbit-2.2.2.RELEASE.jar:2.2.2.RELEASE]
	... 50 more
2020-01-08 17:22:47.526 - INFO  [oundedElastic-1] i.l.c.EpollProvider            : Starting without optional epoll library
2020-01-08 17:22:47.526 - INFO  [oundedElastic-1] i.l.c.KqueueProvider           : Starting without optional kqueue library
2020-01-08 17:22:48.682 - WARN  [ntContainer#1-1] AsyncMessageProcessingConsumer : Consumer raised exception, processing can restart if the connection factory supports it. Exception summary: org.springframework.amqp.AmqpConnectException: java.net.ConnectException: Connection refused: connect
2020-01-08 17:22:48.682 - INFO  [ntContainer#1-1] AsyncMessageProcessingConsumer : Restarting Consumer@175a93ac: tags=[[]], channel=null, acknowledgeMode=AUTO local queue size=0
2020-01-08 17:22:48.682 - INFO  [ntContainer#1-2] .r.c.AbstractConnectionFactory : Attempting to connect to: [localhost:5672]
2020-01-08 17:22:53.697 - WARN  [ntContainer#0-2] AsyncMessageProcessingConsumer : Consumer raised exception, processing can restart if the connection factory supports it. Exception summary: org.springframework.amqp.AmqpConnectException: java.net.ConnectException: Connection refused: connect
2020-01-08 17:22:53.697 - INFO  [ntContainer#0-2] AsyncMessageProcessingConsumer : Restarting Consumer@784bc49f: tags=[[]], channel=null, acknowledgeMode=AUTO local queue size=0
2020-01-08 17:22:53.697 - INFO  [ntContainer#0-3] .r.c.AbstractConnectionFactory : Attempting to connect to: [localhost:5672]
2020-01-08 17:22:55.821 - WARN  [ntContainer#1-2] AsyncMessageProcessingConsumer : Consumer raised exception, processing can restart if the connection factory supports it. Exception summary: org.springframework.amqp.AmqpConnectException: java.net.ConnectException: Connection refused: connect
2020-01-08 17:22:55.821 - INFO  [ntContainer#1-2] AsyncMessageProcessingConsumer : Restarting Consumer@79f2f9cc: tags=[[]], channel=null, acknowledgeMode=AUTO local queue size=0
2020-01-08 17:22:55.821 - INFO  [ntContainer#1-3] .r.c.AbstractConnectionFactory : Attempting to connect to: [localhost:5672]
2020-01-08 17:23:00.835 - WARN  [ntContainer#0-3] AsyncMessageProcessingConsumer : Consumer raised exception, processing can restart if the connection factory supports it. Exception summary: org.springframework.amqp.AmqpConnectException: java.net.ConnectException: Connection refused: connect
2020-01-08 17:23:00.835 - INFO  [ntContainer#0-3] AsyncMessageProcessingConsumer : Restarting Consumer@29f691f5: tags=[[]], channel=null, acknowledgeMode=AUTO local queue size=0
2020-01-08 17:23:00.835 - INFO  [ntContainer#0-4] .r.c.AbstractConnectionFactory : Attempting to connect to: [localhost:5672]
2020-01-08 17:23:02.944 - WARN  [ntContainer#1-3] AsyncMessageProcessingConsumer : Consumer raised exception, processing can restart if the connection factory supports it. Exception summary: org.springframework.amqp.AmqpConnectException: java.net.ConnectException: Connection refused: connect
2020-01-08 17:23:02.944 - INFO  [ntContainer#1-3] AsyncMessageProcessingConsumer : Restarting Consumer@25370097: tags=[[]], channel=null, acknowledgeMode=AUTO local queue size=0
2020-01-08 17:23:02.944 - INFO  [ntContainer#1-4] .r.c.AbstractConnectionFactory : Attempting to connect to: [localhost:5672]
2020-01-08 17:23:07.990 - WARN  [ntContainer#0-4] AsyncMessageProcessingConsumer : Consumer raised exception, processing can restart if the connection factory supports it. Exception summary: org.springframework.amqp.AmqpConnectException: java.net.ConnectException: Connection refused: connect
2020-01-08 17:23:07.990 - INFO  [ntContainer#0-4] AsyncMessageProcessingConsumer : Restarting Consumer@167af58c: tags=[[]], channel=null, acknowledgeMode=AUTO local queue size=0
2020-01-08 17:23:07.990 - INFO  [ntContainer#0-5] .r.c.AbstractConnectionFactory : Attempting to connect to: [localhost:5672]
2020-01-08 17:23:10.083 - WARN  [ntContainer#1-4] AsyncMessageProcessingConsumer : Consumer raised exception, processing can restart if the connection factory supports it. Exception summary: org.springframework.amqp.AmqpConnectException: java.net.ConnectException: Connection refused: connect
2020-01-08 17:23:10.083 - INFO  [ntContainer#1-4] AsyncMessageProcessingConsumer : Restarting Consumer@1950095a: tags=[[]], channel=null, acknowledgeMode=AUTO local queue size=0
2020-01-08 17:23:10.083 - INFO  [ntContainer#1-5] .r.c.AbstractConnectionFactory : Attempting to connect to: [localhost:5672]
2020-01-08 17:23:15.129 - WARN  [ntContainer#0-5] AsyncMessageProcessingConsumer : Consumer raised exception, processing can restart if the connection factory supports it. Exception summary: org.springframework.amqp.AmqpConnectException: java.net.ConnectException: Connection refused: connect
2020-01-08 17:23:15.129 - INFO  [ntContainer#0-5] AsyncMessageProcessingConsumer : Restarting Consumer@56e1691: tags=[[]], channel=null, acknowledgeMode=AUTO local queue size=0
2020-01-08 17:23:15.129 - INFO  [ntContainer#0-6] .r.c.AbstractConnectionFactory : Attempting to connect to: [localhost:5672]
2020-01-08 17:23:17.222 - WARN  [ntContainer#1-5] AsyncMessageProcessingConsumer : Consumer raised exception, processing can restart if the connection factory supports it. Exception summary: org.springframework.amqp.AmqpConnectException: java.net.ConnectException: Connection refused: connect
2020-01-08 17:23:17.222 - INFO  [ntContainer#1-5] AsyncMessageProcessingConsumer : Restarting Consumer@69109ada: tags=[[]], channel=null, acknowledgeMode=AUTO local queue size=0
2020-01-08 17:23:17.222 - INFO  [ntContainer#1-6] .r.c.AbstractConnectionFactory : Attempting to connect to: [localhost:5672]
2020-01-08 17:23:22.252 - WARN  [ntContainer#0-6] AsyncMessageProcessingConsumer : Consumer raised exception, processing can restart if the connection factory supports it. Exception summary: org.springframework.amqp.AmqpConnectException: java.net.ConnectException: Connection refused: connect
2020-01-08 17:23:22.252 - INFO  [ntContainer#0-6] AsyncMessageProcessingConsumer : Restarting Consumer@55485c51: tags=[[]], channel=null, acknowledgeMode=AUTO local queue size=0
2020-01-08 17:23:22.252 - INFO  [ntContainer#0-7] .r.c.AbstractConnectionFactory : Attempting to connect to: [localhost:5672]
2020-01-08 17:23:32.015 - INFO  [  restartedMain] o.s.b.StartupInfoLogger        : Starting SupermarketApplication on english with PID 10308 (C:\Users\Administrator\IdeaProjects\biyesheji\supermarket\target\classes started by Administrator in C:\Users\Administrator\IdeaProjects\biyesheji\supermarket)
2020-01-08 17:23:32.030 - INFO  [  restartedMain] o.s.b.SpringApplication        : No active profile set, falling back to default profiles: default
2020-01-08 17:23:32.061 - INFO  [  restartedMain] o.s.b.l.DeferredLog            : Devtools property defaults active! Set 'spring.devtools.add-properties' to 'false' to disable
2020-01-08 17:23:32.061 - INFO  [  restartedMain] o.s.b.l.DeferredLog            : For additional web related logging consider setting the 'logging.level.web' property to 'DEBUG'
2020-01-08 17:23:32.889 - WARN  [  restartedMain] o.m.s.m.ClassPathMapperScanner : No MyBatis mapper was found in '[com.mxz.supermarket]' package. Please check your configuration.
2020-01-08 17:23:33.077 - INFO  [  restartedMain] epositoryConfigurationDelegate : Multiple Spring Data modules found, entering strict repository configuration mode!
2020-01-08 17:23:33.077 - INFO  [  restartedMain] epositoryConfigurationDelegate : Bootstrapping Spring Data Redis repositories in DEFAULT mode.
2020-01-08 17:23:33.124 - INFO  [  restartedMain] epositoryConfigurationDelegate : Finished Spring Data repository scanning in 31ms. Found 0 Redis repository interfaces.
2020-01-08 17:23:33.452 - INFO  [  restartedMain] egate$BeanPostProcessorChecker : Bean 'org.springframework.transaction.annotation.ProxyTransactionManagementConfiguration' of type [org.springframework.transaction.annotation.ProxyTransactionManagementConfiguration] is not eligible for getting processed by all BeanPostProcessors (for example: not eligible for auto-proxying)
2020-01-08 17:23:33.561 - INFO  [  restartedMain] egate$BeanPostProcessorChecker : Bean 'org.springframework.boot.autoconfigure.jdbc.DataSourceTransactionManagerAutoConfiguration$DataSourceTransactionManagerConfiguration' of type [org.springframework.boot.autoconfigure.jdbc.DataSourceTransactionManagerAutoConfiguration$DataSourceTransactionManagerConfiguration] is not eligible for getting processed by all BeanPostProcessors (for example: not eligible for auto-proxying)
2020-01-08 17:23:33.561 - INFO  [  restartedMain] egate$BeanPostProcessorChecker : Bean 'com.alibaba.druid.spring.boot.autoconfigure.DruidDataSourceAutoConfigure' of type [com.alibaba.druid.spring.boot.autoconfigure.DruidDataSourceAutoConfigure$$EnhancerBySpringCGLIB$$d0883494] is not eligible for getting processed by all BeanPostProcessors (for example: not eligible for auto-proxying)
2020-01-08 17:23:33.561 - INFO  [  restartedMain] a.DruidDataSourceAutoConfigure : Init DruidDataSource
2020-01-08 17:23:33.639 - INFO  [  restartedMain] egate$BeanPostProcessorChecker : Bean 'spring.datasource-org.springframework.boot.autoconfigure.jdbc.DataSourceProperties' of type [org.springframework.boot.autoconfigure.jdbc.DataSourceProperties] is not eligible for getting processed by all BeanPostProcessors (for example: not eligible for auto-proxying)
2020-01-08 17:23:33.655 - INFO  [  restartedMain] egate$BeanPostProcessorChecker : Bean 'com.alibaba.druid.spring.boot.autoconfigure.stat.DruidFilterConfiguration' of type [com.alibaba.druid.spring.boot.autoconfigure.stat.DruidFilterConfiguration] is not eligible for getting processed by all BeanPostProcessors (for example: not eligible for auto-proxying)
2020-01-08 17:23:33.686 - INFO  [  restartedMain] egate$BeanPostProcessorChecker : Bean 'statFilter' of type [com.alibaba.druid.filter.stat.StatFilter] is not eligible for getting processed by all BeanPostProcessors (for example: not eligible for auto-proxying)
2020-01-08 17:23:33.920 - INFO  [  restartedMain] c.a.d.p.DruidDataSource        : {dataSource-1} inited
2020-01-08 17:23:33.920 - INFO  [  restartedMain] egate$BeanPostProcessorChecker : Bean 'dataSource' of type [com.alibaba.druid.spring.boot.autoconfigure.DruidDataSourceWrapper] is not eligible for getting processed by all BeanPostProcessors (for example: not eligible for auto-proxying)
2020-01-08 17:23:33.983 - INFO  [  restartedMain] egate$BeanPostProcessorChecker : Bean 'org.springframework.boot.autoconfigure.jdbc.DataSourceInitializerInvoker' of type [org.springframework.boot.autoconfigure.jdbc.DataSourceInitializerInvoker] is not eligible for getting processed by all BeanPostProcessors (for example: not eligible for auto-proxying)
2020-01-08 17:23:33.983 - INFO  [  restartedMain] egate$BeanPostProcessorChecker : Bean 'org.springframework.boot.autoconfigure.transaction.TransactionAutoConfiguration' of type [org.springframework.boot.autoconfigure.transaction.TransactionAutoConfiguration] is not eligible for getting processed by all BeanPostProcessors (for example: not eligible for auto-proxying)
2020-01-08 17:23:33.998 - INFO  [  restartedMain] egate$BeanPostProcessorChecker : Bean 'spring.transaction-org.springframework.boot.autoconfigure.transaction.TransactionProperties' of type [org.springframework.boot.autoconfigure.transaction.TransactionProperties] is not eligible for getting processed by all BeanPostProcessors (for example: not eligible for auto-proxying)
2020-01-08 17:23:33.998 - INFO  [  restartedMain] egate$BeanPostProcessorChecker : Bean 'platformTransactionManagerCustomizers' of type [org.springframework.boot.autoconfigure.transaction.TransactionManagerCustomizers] is not eligible for getting processed by all BeanPostProcessors (for example: not eligible for auto-proxying)
2020-01-08 17:23:33.998 - INFO  [  restartedMain] egate$BeanPostProcessorChecker : Bean 'transactionManager' of type [org.springframework.jdbc.datasource.DataSourceTransactionManager] is not eligible for getting processed by all BeanPostProcessors (for example: not eligible for auto-proxying)
2020-01-08 17:23:34.014 - INFO  [  restartedMain] egate$BeanPostProcessorChecker : Bean 'transactionAdviceConfig' of type [com.mxz.supermarket.confign.TransactionAdviceConfig$$EnhancerBySpringCGLIB$$4099b37a] is not eligible for getting processed by all BeanPostProcessors (for example: not eligible for auto-proxying)
2020-01-08 17:23:34.014 - INFO  [  restartedMain] egate$BeanPostProcessorChecker : Bean 'txAdvice' of type [org.springframework.transaction.interceptor.TransactionInterceptor] is not eligible for getting processed by all BeanPostProcessors (for example: not eligible for auto-proxying)
2020-01-08 17:23:34.014 - INFO  [  restartedMain] egate$BeanPostProcessorChecker : Bean 'txAdviceAdvisor' of type [org.springframework.aop.support.DefaultPointcutAdvisor] is not eligible for getting processed by all BeanPostProcessors (for example: not eligible for auto-proxying)
2020-01-08 17:23:34.420 - INFO  [  restartedMain] o.s.b.w.e.t.TomcatWebServer    : Tomcat initialized with port(s): 8080 (http)
2020-01-08 17:23:34.420 - INFO  [  restartedMain] o.a.j.l.DirectJDKLog           : Initializing ProtocolHandler ["http-nio-8080"]
2020-01-08 17:23:34.436 - INFO  [  restartedMain] o.a.j.l.DirectJDKLog           : Starting service [Tomcat]
2020-01-08 17:23:34.436 - INFO  [  restartedMain] o.a.j.l.DirectJDKLog           : Starting Servlet engine: [Apache Tomcat/9.0.29]
2020-01-08 17:23:34.561 - INFO  [  restartedMain] o.a.j.l.DirectJDKLog           : Initializing Spring embedded WebApplicationContext
2020-01-08 17:23:34.561 - INFO  [  restartedMain] letWebServerApplicationContext : Root WebApplicationContext: initialization completed in 2500 ms
2020-01-08 17:23:35.857 - INFO  [  restartedMain] c.ExecutorConfigurationSupport : Initializing ExecutorService 'applicationTaskExecutor'
2020-01-08 17:23:36.076 - WARN  [  restartedMain] tTemplateResolverConfiguration : Cannot find template location: classpath:/templates/ (please add some templates or check your Thymeleaf configuration)
2020-01-08 17:23:36.076 - WARN  [  restartedMain] o.t.t.TemplateMode             : [THYMELEAF][restartedMain] Template Mode 'HTML5' is deprecated. Using Template Mode 'HTML' instead.
2020-01-08 17:23:37.232 - INFO  [  restartedMain] c.ExecutorConfigurationSupport : Initializing ExecutorService 'taskScheduler'
2020-01-08 17:23:37.357 - INFO  [  restartedMain] b.d.a.OptionalLiveReloadServer : LiveReload server is running on port 35729
2020-01-08 17:23:37.357 - INFO  [  restartedMain] .b.a.e.w.EndpointLinksResolver : Exposing 2 endpoint(s) beneath base path '/actuator'
2020-01-08 17:23:37.482 - INFO  [  restartedMain] .r.c.AbstractConnectionFactory : Attempting to connect to: [localhost:5672]
2020-01-08 17:23:37.654 - INFO  [  restartedMain] .r.c.AbstractConnectionFactory : Created new connection: rabbitConnectionFactory#78f7d4db:0/SimpleConnection@2cc6d2c3 [delegate=amqp://guest@127.0.0.1:5672/, localPort= 50898]
2020-01-08 17:23:37.748 - INFO  [  restartedMain] o.a.j.l.DirectJDKLog           : Starting ProtocolHandler ["http-nio-8080"]
2020-01-08 17:23:37.779 - INFO  [  restartedMain] o.s.b.w.e.t.TomcatWebServer    : Tomcat started on port(s): 8080 (http) with context path '/supermarket'
2020-01-08 17:23:37.779 - INFO  [  restartedMain] o.s.b.StartupInfoLogger        : Started SupermarketApplication in 6.159 seconds (JVM running for 8.633)
2020-01-08 17:23:38.482 - INFO  [-192.168.43.216] o.a.j.l.DirectJDKLog           : Initializing Spring DispatcherServlet 'dispatcherServlet'
2020-01-08 17:23:38.482 - INFO  [-192.168.43.216] o.s.w.s.FrameworkServlet       : Initializing Servlet 'dispatcherServlet'
2020-01-08 17:23:38.497 - INFO  [-192.168.43.216] o.s.w.s.FrameworkServlet       : Completed initialization in 15 ms
2020-01-08 17:23:39.122 - INFO  [oundedElastic-1] i.l.c.EpollProvider            : Starting without optional epoll library
2020-01-08 17:23:39.122 - INFO  [oundedElastic-1] i.l.c.KqueueProvider           : Starting without optional kqueue library
